<?xml version="1.0" encoding="UTF-8"?>
<!-- Generated by org.testng.reporters.JUnitReportReporter -->
<testsuite hostname="DESKTOP-UID2B5J" failures="0" tests="4" name="Regression.ExpediaTest" time="127.772" errors="0" timestamp="2022-01-01T10:06:56 EST" skipped="0">
  <testcase classname="Regression.ExpediaTest" name="Test1" time="20.237"/>
  <system-out/>
  <testcase classname="Regression.ExpediaTest" name="Test2" time="16.289"/>
  <system-out/>
  <testcase classname="Regression.ExpediaTest" name="Test3" time="60.177"/>
  <system-out/>
  <testcase classname="Regression.ExpediaTest" name="Test4" time="31.069"/>
  <system-out/>
</testsuite> <!-- Regression.ExpediaTest -->
